C51 COMPILER V9.01   MAIN                                                                  02/07/2019 23:44:56 PAGE 1   


C51 COMPILER V9.01, COMPILATION OF MODULE MAIN
OBJECT MODULE PLACED IN main.OBJ
COMPILER INVOKED BY: C:\Keil\C51\BIN\C51.EXE main.c BROWSE DEBUG OBJECTEXTEND

line level    source

   1          #include "reg52.h"                       //此文件中定义了单片机的一些特殊功能寄存器
   2          #include "ds1302.h"     
   3          
   4          typedef unsigned int u16;         //对数据类型进行声明定义
   5          typedef unsigned char u8;
   6          
   7          
   8          
   9          char num=0;
  10          u8 DisplayData[8];
  11          unsigned char segs[13] = {0xfc,0x60,0xda,0xf2,0x66,0xb6,0xbe,0xe0,0xfe,0xf6,0x00,}; //位选0,1,2,3,4,5,6,7,
             -8,9,null
  12          unsigned char tongd[7] = {0xfe,0xfd,0xfb,0xf7,0xef,0xdf,0xff,};//段选
  13          
  14          /*******************************************************************************
  15          * 函 数 名         : delay
  16          * 函数功能                 : 延时函数，i=1时，大约延时10us
  17          *******************************************************************************/
  18          void delay(u16 i)
  19          {
  20   1              while(i--);     
  21   1      }
  22          
  23          
  24          /*******************************************************************************
  25          * 函 数 名         : datapros()
  26          * 函数功能                 : 时间读取处理转换函数
  27          * 输    入         : 无
  28          * 输    出         : 无
  29          *******************************************************************************/
  30          
  31          void datapros()          
  32          {
  33   1              Ds1302ReadTime();
  34   1              DisplayData[0] = segs[TIME[2]/16];                              //时
  35   1              DisplayData[1] = segs[TIME[2]&0x0f];                             
  36   1              DisplayData[2] = segs[TIME[1]/16];                              //分
  37   1              DisplayData[3] = segs[TIME[1]&0x0f];    
  38   1              DisplayData[4] = segs[TIME[0]/16];                              //秒
  39   1              DisplayData[5] = segs[TIME[0]&0x0f];
  40   1              /*
  41   1              因DS1302的时间和日期都是BCD码，例如18分，读出来的数据是0001 1000，要显示出十位，要取出十位，
  42   1              即是取高4位，所以，要用TIME[1]/16，而TIME[1]&0x0f是取出个位，即低四位。其它的秒，小时，年月日等同理。
  43   1              */
  44   1      }
  45          
  46          
  47          /*******************************************************************************
  48          * 函数名         :DigDisplay()
  49          * 函数功能               :数码管显示函数
  50          * 输入           : 无
  51          * 输出           : 无
  52          *******************************************************************************/
  53          void DigDisplay()
  54          {
C51 COMPILER V9.01   MAIN                                                                  02/07/2019 23:44:56 PAGE 2   

  55   1              u8 i;
  56   1              for(i=0;i<=6;i++)
  57   1              {
  58   2                      P2 = tongd[i];//位选
  59   2                      P1 = DisplayData[i];//发送数据
  60   2                      delay(100); //间隔一段时间扫描  
  61   2                      P1=0x00;//消隐
  62   2                      P2 = tongd[7];
  63   2              }               
  64   1      }
  65          
  66          /*******************************************************************************
  67          * 函 数 名       : main
  68          * 函数功能               : 主函数
  69          * 输    入       : 无
  70          * 输    出       : 无
  71          *******************************************************************************/
  72          void main()
  73          {       
  74   1              Ds1302Init();
  75   1              while(1)
  76   1              {
  77   2                      //P2 = tongd[1];//位选
  78   2                      //P1 = segs[1];//发送数据
  79   2                      datapros();      //数据处理函数
  80   2                      DigDisplay();//数码管显示函数           
  81   2              }               
  82   1      }
  83          


MODULE INFORMATION:   STATIC OVERLAYABLE
   CODE SIZE        =    123    ----
   CONSTANT SIZE    =   ----    ----
   XDATA SIZE       =   ----    ----
   PDATA SIZE       =   ----    ----
   DATA SIZE        =     29    ----
   IDATA SIZE       =   ----    ----
   BIT SIZE         =   ----    ----
END OF MODULE INFORMATION.


C51 COMPILATION COMPLETE.  0 WARNING(S),  0 ERROR(S)
